<?xml version="1.0" encoding="UTF-8"?>
<!-- Generated by org.testng.reporters.JUnitReportReporter -->
<testsuite hostname="DESKTOP-O2IJ1P6" failures="0" tests="2" name="demo.EcommerceTest" time="18.875" errors="0" timestamp="2023-10-10T19:02:33 PDT" skipped="0">
  <testcase classname="demo.EcommerceTest" name="SelectProfileTC_002" time="18.863"/>
  <testcase classname="demo.EcommerceTest" name="UnlockDeviceTC_005" time="0.012"/>
</testsuite> <!-- demo.EcommerceTest -->
